<?xml version="1.0" encoding="UTF-8"?>
<!-- Generated by org.testng.reporters.JUnitXMLReporter -->
<testsuite ignored="3" hostname="DESKTOP-RQ6NMQQ" failures="0" tests="1" name="Default test" time="4.116" errors="0" timestamp="2024-10-29T20:05:00 IST">
  <testcase classname="api.test.UserTest" name="testCreateUser" time="3.768"/>
  <testcase classname="api.test.UserTest" name="testGetUser" time="0.0">
    <ignored/>
  </testcase> <!-- testGetUser -->
  <testcase classname="api.test.UserTest" name="testUpdateUser" time="0.0">
    <ignored/>
  </testcase> <!-- testUpdateUser -->
  <testcase classname="api.test.UserTest" name="testDeleteUserByName" time="0.0">
    <ignored/>
  </testcase> <!-- testDeleteUserByName -->
</testsuite> <!-- Default test -->
