<?xml version="1.0" encoding="UTF-8"?>
<testng-results ignored="0" total="8" passed="8" failed="0" skipped="0">
  <reporter-output>
  </reporter-output>
  <suite started-at="2024-10-30T18:06:17 IST" name="PetSuite" finished-at="2024-10-30T18:06:34 IST" duration-ms="16929">
    <groups>
    </groups>
    <test started-at="2024-10-30T18:06:17 IST" name="UserTest" finished-at="2024-10-30T18:06:34 IST" duration-ms="16929">
      <class name="api.test.UserTest">
        <test-method is-config="true" signature="testdataSetUp()[pri:0, instance:api.test.UserTest@31d0e481]" started-at="2024-10-30T18:06:18 IST" name="testdataSetUp" finished-at="2024-10-30T18:06:18 IST" duration-ms="203" status="PASS">
          <reporter-output>
          </reporter-output>
        </test-method> <!-- testdataSetUp -->
        <test-method signature="testCreateUser()[pri:1, instance:api.test.UserTest@31d0e481]" started-at="2024-10-30T18:06:18 IST" name="testCreateUser" finished-at="2024-10-30T18:06:21 IST" duration-ms="2904" status="PASS">
          <reporter-output>
          </reporter-output>
        </test-method> <!-- testCreateUser -->
        <test-method signature="testGetUser()[pri:2, instance:api.test.UserTest@31d0e481]" started-at="2024-10-30T18:06:21 IST" name="testGetUser" finished-at="2024-10-30T18:06:22 IST" duration-ms="1513" status="PASS">
          <reporter-output>
          </reporter-output>
        </test-method> <!-- testGetUser -->
        <test-method signature="testUpdateUser()[pri:3, instance:api.test.UserTest@31d0e481]" started-at="2024-10-30T18:06:22 IST" name="testUpdateUser" finished-at="2024-10-30T18:06:25 IST" duration-ms="3125" status="PASS">
          <reporter-output>
          </reporter-output>
        </test-method> <!-- testUpdateUser -->
        <test-method signature="testDeleteUserByName()[pri:4, instance:api.test.UserTest@31d0e481]" started-at="2024-10-30T18:06:25 IST" name="testDeleteUserByName" finished-at="2024-10-30T18:06:27 IST" duration-ms="1533" status="PASS">
          <reporter-output>
          </reporter-output>
        </test-method> <!-- testDeleteUserByName -->
      </class> <!-- api.test.UserTest -->
      <class name="api.test.UserTestRoutes">
        <test-method is-config="true" signature="testdataSetUp()[pri:0, instance:api.test.UserTestRoutes@542e560f]" started-at="2024-10-30T18:06:27 IST" name="testdataSetUp" finished-at="2024-10-30T18:06:27 IST" duration-ms="30" status="PASS">
          <reporter-output>
          </reporter-output>
        </test-method> <!-- testdataSetUp -->
        <test-method signature="testCreateUser()[pri:1, instance:api.test.UserTestRoutes@542e560f]" started-at="2024-10-30T18:06:27 IST" name="testCreateUser" finished-at="2024-10-30T18:06:28 IST" duration-ms="1504" status="PASS">
          <reporter-output>
          </reporter-output>
        </test-method> <!-- testCreateUser -->
        <test-method signature="testGetUser()[pri:2, instance:api.test.UserTestRoutes@542e560f]" started-at="2024-10-30T18:06:28 IST" name="testGetUser" finished-at="2024-10-30T18:06:30 IST" duration-ms="1433" status="PASS">
          <reporter-output>
          </reporter-output>
        </test-method> <!-- testGetUser -->
        <test-method signature="testUpdateUser()[pri:3, instance:api.test.UserTestRoutes@542e560f]" started-at="2024-10-30T18:06:30 IST" name="testUpdateUser" finished-at="2024-10-30T18:06:33 IST" duration-ms="2966" status="PASS">
          <reporter-output>
          </reporter-output>
        </test-method> <!-- testUpdateUser -->
        <test-method signature="testDeleteUserByName()[pri:4, instance:api.test.UserTestRoutes@542e560f]" started-at="2024-10-30T18:06:33 IST" name="testDeleteUserByName" finished-at="2024-10-30T18:06:34 IST" duration-ms="1432" status="PASS">
          <reporter-output>
          </reporter-output>
        </test-method> <!-- testDeleteUserByName -->
      </class> <!-- api.test.UserTestRoutes -->
    </test> <!-- UserTest -->
  </suite> <!-- PetSuite -->
</testng-results>
