<?xml version="1.0" encoding="UTF-8"?>
<testsuite xmlns:xsi="http://www.w3.org/2001/XMLSchema-instance" xsi:noNamespaceSchemaLocation="https://maven.apache.org/surefire/maven-surefire-plugin/xsd/surefire-test-report.xsd" version="3.0.2" name="TestSuite" time="18.169" tests="8" errors="0" skipped="0" failures="0">
  <properties>
[...]
</properties>
  <testcase name="testCreateUser" classname="api.test.UserTest" time="2.918">
    <system-out><![CDATA[HTTP/1.1 200 OK
Date: Wed, 30 Oct 2024 12:36:21 GMT
Content-Type: application/json
Transfer-Encoding: chunked
Connection: keep-alive
Access-Control-Allow-Origin: *
Access-Control-Allow-Methods: GET, POST, DELETE, PUT
Access-Control-Allow-Headers: Content-Type, api_key, Authorization
Server: Jetty(9.2.9.v20150224)

{
    "code": 200,
    "type": "unknown",
    "message": "98412281"
}
]]></system-out>
  </testcase>
  <testcase name="testGetUser" classname="api.test.UserTest" time="1.512">
    <system-out><![CDATA[HTTP/1.1 200 OK
Date: Wed, 30 Oct 2024 12:36:22 GMT
Content-Type: application/json
Transfer-Encoding: chunked
Connection: keep-alive
Access-Control-Allow-Origin: *
Access-Control-Allow-Methods: GET, POST, DELETE, PUT
Access-Control-Allow-Headers: Content-Type, api_key, Authorization
Server: Jetty(9.2.9.v20150224)

{
    "id": 98412281,
    "username": "marinda.mccullough",
    "firstName": "Emerson",
    "lastName": "Schamberger",
    "email": "lucas.hirthe@example.com",
    "password": "gvv2u05cexncgo",
    "phone": "636-258-5628",
    "userStatus": 0
}
]]></system-out>
  </testcase>
  <testcase name="testUpdateUser" classname="api.test.UserTest" time="3.12">
    <system-out><![CDATA[HTTP/1.1 200 OK
Date: Wed, 30 Oct 2024 12:36:24 GMT
Content-Type: application/json
Transfer-Encoding: chunked
Connection: keep-alive
Access-Control-Allow-Origin: *
Access-Control-Allow-Methods: GET, POST, DELETE, PUT
Access-Control-Allow-Headers: Content-Type, api_key, Authorization
Server: Jetty(9.2.9.v20150224)

{
    "code": 200,
    "type": "unknown",
    "message": "98412281"
}
]]></system-out>
  </testcase>
  <testcase name="testDeleteUserByName" classname="api.test.UserTest" time="1.533"/>
  <testcase name="testCreateUser" classname="api.test.UserTestRoutes" time="1.511">
    <system-out><![CDATA[HTTP/1.1 200 OK
Date: Wed, 30 Oct 2024 12:36:28 GMT
Content-Type: application/json
Transfer-Encoding: chunked
Connection: keep-alive
Access-Control-Allow-Origin: *
Access-Control-Allow-Methods: GET, POST, DELETE, PUT
Access-Control-Allow-Headers: Content-Type, api_key, Authorization
Server: Jetty(9.2.9.v20150224)

{
    "code": 200,
    "type": "unknown",
    "message": "743354004"
}
]]></system-out>
  </testcase>
  <testcase name="testGetUser" classname="api.test.UserTestRoutes" time="1.432">
    <system-out><![CDATA[HTTP/1.1 200 OK
Date: Wed, 30 Oct 2024 12:36:30 GMT
Content-Type: application/json
Transfer-Encoding: chunked
Connection: keep-alive
Access-Control-Allow-Origin: *
Access-Control-Allow-Methods: GET, POST, DELETE, PUT
Access-Control-Allow-Headers: Content-Type, api_key, Authorization
Server: Jetty(9.2.9.v20150224)

{
    "id": 743354004,
    "username": "darren.ernser",
    "firstName": "Mazie",
    "lastName": "Brakus",
    "email": "lourdes.roob@example.com",
    "password": "6bcx5usom2p6o93",
    "phone": "755.933.5195",
    "userStatus": 0
}
]]></system-out>
  </testcase>
  <testcase name="testUpdateUser" classname="api.test.UserTestRoutes" time="2.963">
    <system-out><![CDATA[HTTP/1.1 200 OK
Date: Wed, 30 Oct 2024 12:36:31 GMT
Content-Type: application/json
Transfer-Encoding: chunked
Connection: keep-alive
Access-Control-Allow-Origin: *
Access-Control-Allow-Methods: GET, POST, DELETE, PUT
Access-Control-Allow-Headers: Content-Type, api_key, Authorization
Server: Jetty(9.2.9.v20150224)

{
    "code": 200,
    "type": "unknown",
    "message": "743354004"
}
]]></system-out>
  </testcase>
  <testcase name="testDeleteUserByName" classname="api.test.UserTestRoutes" time="1.433"/>
</testsuite>