<?xml version="1.0" encoding="UTF-8"?>
<testng-results ignored="0" total="8" passed="8" failed="0" skipped="0">
  <reporter-output>
  </reporter-output>
  <suite started-at="2024-10-30T17:39:33 IST" name="PetSuite" finished-at="2024-10-30T17:39:51 IST" duration-ms="17609">
    <groups>
    </groups>
    <test started-at="2024-10-30T17:39:33 IST" name="UserTest" finished-at="2024-10-30T17:39:51 IST" duration-ms="17609">
      <class name="api.test.UserTest">
        <test-method is-config="true" signature="testdataSetUp()[pri:0, instance:api.test.UserTest@6b5176f2]" started-at="2024-10-30T17:39:33 IST" name="testdataSetUp" finished-at="2024-10-30T17:39:34 IST" duration-ms="218" status="PASS">
          <reporter-output>
          </reporter-output>
        </test-method> <!-- testdataSetUp -->
        <test-method signature="testCreateUser()[pri:1, instance:api.test.UserTest@6b5176f2]" started-at="2024-10-30T17:39:34 IST" name="testCreateUser" finished-at="2024-10-30T17:39:37 IST" duration-ms="3499" status="PASS">
          <reporter-output>
          </reporter-output>
        </test-method> <!-- testCreateUser -->
        <test-method signature="testGetUser()[pri:2, instance:api.test.UserTest@6b5176f2]" started-at="2024-10-30T17:39:37 IST" name="testGetUser" finished-at="2024-10-30T17:39:39 IST" duration-ms="1561" status="PASS">
          <reporter-output>
          </reporter-output>
        </test-method> <!-- testGetUser -->
        <test-method signature="testUpdateUser()[pri:3, instance:api.test.UserTest@6b5176f2]" started-at="2024-10-30T17:39:39 IST" name="testUpdateUser" finished-at="2024-10-30T17:39:42 IST" duration-ms="3026" status="PASS">
          <reporter-output>
          </reporter-output>
        </test-method> <!-- testUpdateUser -->
        <test-method signature="testDeleteUserByName()[pri:4, instance:api.test.UserTest@6b5176f2]" started-at="2024-10-30T17:39:42 IST" name="testDeleteUserByName" finished-at="2024-10-30T17:39:43 IST" duration-ms="1533" status="PASS">
          <reporter-output>
          </reporter-output>
        </test-method> <!-- testDeleteUserByName -->
      </class> <!-- api.test.UserTest -->
      <class name="api.test.UserTestRoutes">
        <test-method is-config="true" signature="testdataSetUp()[pri:0, instance:api.test.UserTestRoutes@ec0c838]" started-at="2024-10-30T17:39:43 IST" name="testdataSetUp" finished-at="2024-10-30T17:39:43 IST" duration-ms="42" status="PASS">
          <reporter-output>
          </reporter-output>
        </test-method> <!-- testdataSetUp -->
        <test-method signature="testCreateUser()[pri:1, instance:api.test.UserTestRoutes@ec0c838]" started-at="2024-10-30T17:39:43 IST" name="testCreateUser" finished-at="2024-10-30T17:39:45 IST" duration-ms="1495" status="PASS">
          <reporter-output>
          </reporter-output>
        </test-method> <!-- testCreateUser -->
        <test-method signature="testGetUser()[pri:2, instance:api.test.UserTestRoutes@ec0c838]" started-at="2024-10-30T17:39:45 IST" name="testGetUser" finished-at="2024-10-30T17:39:46 IST" duration-ms="1535" status="PASS">
          <reporter-output>
          </reporter-output>
        </test-method> <!-- testGetUser -->
        <test-method signature="testUpdateUser()[pri:3, instance:api.test.UserTestRoutes@ec0c838]" started-at="2024-10-30T17:39:46 IST" name="testUpdateUser" finished-at="2024-10-30T17:39:49 IST" duration-ms="2862" status="PASS">
          <reporter-output>
          </reporter-output>
        </test-method> <!-- testUpdateUser -->
        <test-method signature="testDeleteUserByName()[pri:4, instance:api.test.UserTestRoutes@ec0c838]" started-at="2024-10-30T17:39:49 IST" name="testDeleteUserByName" finished-at="2024-10-30T17:39:51 IST" duration-ms="1533" status="PASS">
          <reporter-output>
          </reporter-output>
        </test-method> <!-- testDeleteUserByName -->
      </class> <!-- api.test.UserTestRoutes -->
    </test> <!-- UserTest -->
  </suite> <!-- PetSuite -->
</testng-results>
