<?xml version="1.0" encoding="UTF-8"?>
<!-- Generated by org.testng.reporters.JUnitXMLReporter -->
<testsuite ignored="0" hostname="DESKTOP-RQ6NMQQ" failures="0" tests="8" name="UserTest" time="16.929" errors="0" timestamp="2024-10-30T18:06:35 IST">
  <testcase classname="api.test.UserTest" name="testCreateUser" time="2.904"/>
  <testcase classname="api.test.UserTest" name="testGetUser" time="1.513"/>
  <testcase classname="api.test.UserTest" name="testUpdateUser" time="3.125"/>
  <testcase classname="api.test.UserTest" name="testDeleteUserByName" time="1.533"/>
  <testcase classname="api.test.UserTestRoutes" name="testCreateUser" time="1.504"/>
  <testcase classname="api.test.UserTestRoutes" name="testGetUser" time="1.433"/>
  <testcase classname="api.test.UserTestRoutes" name="testUpdateUser" time="2.966"/>
  <testcase classname="api.test.UserTestRoutes" name="testDeleteUserByName" time="1.432"/>
</testsuite> <!-- UserTest -->
