<?xml version="1.0" encoding="UTF-8"?>
<!-- Generated by org.testng.reporters.JUnitXMLReporter -->
<testsuite ignored="0" hostname="DESKTOP-RQ6NMQQ" failures="0" tests="8" name="UserTest" time="17.609" errors="0" timestamp="2024-10-30T17:39:51 IST">
  <testcase classname="api.test.UserTest" name="testCreateUser" time="3.499"/>
  <testcase classname="api.test.UserTest" name="testGetUser" time="1.561"/>
  <testcase classname="api.test.UserTest" name="testUpdateUser" time="3.026"/>
  <testcase classname="api.test.UserTest" name="testDeleteUserByName" time="1.533"/>
  <testcase classname="api.test.UserTestRoutes" name="testCreateUser" time="1.495"/>
  <testcase classname="api.test.UserTestRoutes" name="testGetUser" time="1.535"/>
  <testcase classname="api.test.UserTestRoutes" name="testUpdateUser" time="2.862"/>
  <testcase classname="api.test.UserTestRoutes" name="testDeleteUserByName" time="1.533"/>
</testsuite> <!-- UserTest -->
